This file contains any messages produced by compilers while
running configure, to aid debugging if configure makes a mistake.

It was created by sumo configure 1.0.0, which was
generated by GNU Autoconf 2.69.  Invocation command line was

  $ ./configure --no-create --no-recursion

## --------- ##
## Platform. ##
## --------- ##

hostname = wlbb90-hp
uname -m = x86_64
uname -r = 4.15.0-54-generic
uname -s = Linux
uname -v = #58-Ubuntu SMP Mon Jun 24 10:55:24 UTC 2019

/usr/bin/uname -p = unknown
/bin/uname -X     = unknown

/bin/arch              = unknown
/usr/bin/arch -k       = unknown
/usr/convex/getsysinfo = unknown
/usr/bin/hostinfo      = unknown
/bin/machine           = unknown
/usr/bin/oslevel       = unknown
/bin/universe          = unknown

PATH: /usr/local/sbin
PATH: /usr/local/bin
PATH: /usr/sbin
PATH: /usr/bin
PATH: /sbin
PATH: /bin
PATH: /usr/games
PATH: /usr/local/games


## ----------- ##
## Core tests. ##
## ----------- ##

configure:2433: checking build system type
configure:2447: result: x86_64-pc-linux-gnu
configure:2467: checking host system type
configure:2480: result: x86_64-pc-linux-gnu
configure:2500: checking target system type
configure:2513: result: x86_64-pc-linux-gnu
configure:2560: checking for a BSD-compatible install
configure:2628: result: /usr/bin/install -c
configure:2639: checking whether build environment is sane
configure:2694: result: yes
configure:2845: checking for a thread-safe mkdir -p
configure:2884: result: /bin/mkdir -p
configure:2891: checking for gawk
configure:2907: found /usr/bin/gawk
configure:2918: result: gawk
configure:2929: checking whether make sets $(MAKE)
configure:2951: result: yes
configure:2980: checking whether make supports nested variables
configure:2997: result: yes
configure:3086: checking whether UID '1000' is supported by ustar format
configure:3089: result: yes
configure:3096: checking whether GID '1000' is supported by ustar format
configure:3099: result: yes
configure:3107: checking how to create a ustar tar archive
configure:3118: tar --version
tar (GNU tar) 1.29
Copyright (C) 2015 Free Software Foundation, Inc.
License GPLv3+: GNU GPL version 3 or later <http://gnu.org/licenses/gpl.html>.
This is free software: you are free to change and redistribute it.
There is NO WARRANTY, to the extent permitted by law.

Written by John Gilmore and Jay Fenlason.
configure:3121: $? = 0
configure:3161: tardir=conftest.dir && eval tar --format=ustar -chf - "$tardir" >conftest.tar
configure:3164: $? = 0
configure:3168: tar -xf - <conftest.tar
configure:3171: $? = 0
configure:3173: cat conftest.dir/file
GrepMe
configure:3176: $? = 0
configure:3189: result: gnutar
configure:3356: checking for gcc
configure:3372: found /usr/bin/gcc
configure:3383: result: gcc
configure:3612: checking for C compiler version
configure:3621: gcc --version >&5
gcc (Ubuntu 7.4.0-1ubuntu1~18.04.1) 7.4.0
Copyright (C) 2017 Free Software Foundation, Inc.
This is free software; see the source for copying conditions.  There is NO
warranty; not even for MERCHANTABILITY or FITNESS FOR A PARTICULAR PURPOSE.

configure:3632: $? = 0
configure:3621: gcc -v >&5
Using built-in specs.
COLLECT_GCC=gcc
COLLECT_LTO_WRAPPER=/usr/lib/gcc/x86_64-linux-gnu/7/lto-wrapper
OFFLOAD_TARGET_NAMES=nvptx-none
OFFLOAD_TARGET_DEFAULT=1
Target: x86_64-linux-gnu
Configured with: ../src/configure -v --with-pkgversion='Ubuntu 7.4.0-1ubuntu1~18.04.1' --with-bugurl=file:///usr/share/doc/gcc-7/README.Bugs --enable-languages=c,ada,c++,go,brig,d,fortran,objc,obj-c++ --prefix=/usr --with-gcc-major-version-only --program-suffix=-7 --program-prefix=x86_64-linux-gnu- --enable-shared --enable-linker-build-id --libexecdir=/usr/lib --without-included-gettext --enable-threads=posix --libdir=/usr/lib --enable-nls --with-sysroot=/ --enable-clocale=gnu --enable-libstdcxx-debug --enable-libstdcxx-time=yes --with-default-libstdcxx-abi=new --enable-gnu-unique-object --disable-vtable-verify --enable-libmpx --enable-plugin --enable-default-pie --with-system-zlib --with-target-system-zlib --enable-objc-gc=auto --enable-multiarch --disable-werror --with-arch-32=i686 --with-abi=m64 --with-multilib-list=m32,m64,mx32 --enable-multilib --with-tune=generic --enable-offload-targets=nvptx-none --without-cuda-driver --enable-checking=release --build=x86_64-linux-gnu --host=x86_64-linux-gnu --target=x86_64-linux-gnu
Thread model: posix
gcc version 7.4.0 (Ubuntu 7.4.0-1ubuntu1~18.04.1) 
configure:3632: $? = 0
configure:3621: gcc -V >&5
gcc: error: unrecognized command line option '-V'
gcc: fatal error: no input files
compilation terminated.
configure:3632: $? = 1
configure:3621: gcc -qversion >&5
gcc: error: unrecognized command line option '-qversion'; did you mean '--version'?
gcc: fatal error: no input files
compilation terminated.
configure:3632: $? = 1
configure:3652: checking whether the C compiler works
configure:3674: gcc    conftest.c  >&5
configure:3678: $? = 0
configure:3726: result: yes
configure:3729: checking for C compiler default output file name
configure:3731: result: a.out
configure:3737: checking for suffix of executables
configure:3744: gcc -o conftest    conftest.c  >&5
configure:3748: $? = 0
configure:3770: result: 
configure:3792: checking whether we are cross compiling
configure:3800: gcc -o conftest    conftest.c  >&5
configure:3804: $? = 0
configure:3811: ./conftest
configure:3815: $? = 0
configure:3830: result: no
configure:3835: checking for suffix of object files
configure:3857: gcc -c   conftest.c >&5
configure:3861: $? = 0
configure:3882: result: o
configure:3886: checking whether we are using the GNU C compiler
configure:3905: gcc -c   conftest.c >&5
configure:3905: $? = 0
configure:3914: result: yes
configure:3923: checking whether gcc accepts -g
configure:3943: gcc -c -g  conftest.c >&5
configure:3943: $? = 0
configure:3984: result: yes
configure:4001: checking for gcc option to accept ISO C89
configure:4064: gcc  -c -g -O2  conftest.c >&5
configure:4064: $? = 0
configure:4077: result: none needed
configure:4102: checking whether gcc understands -c and -o together
configure:4124: gcc -c conftest.c -o conftest2.o
configure:4127: $? = 0
configure:4124: gcc -c conftest.c -o conftest2.o
configure:4127: $? = 0
configure:4139: result: yes
configure:4167: checking for style of include used by make
configure:4195: result: GNU
configure:4221: checking dependency style of gcc
configure:4332: result: gcc3
configure:4352: checking how to run the C preprocessor
configure:4383: gcc -E  conftest.c
configure:4383: $? = 0
configure:4397: gcc -E  conftest.c
conftest.c:11:10: fatal error: ac_nonexistent.h: No such file or directory
 #include <ac_nonexistent.h>
          ^~~~~~~~~~~~~~~~~~
compilation terminated.
configure:4397: $? = 1
configure: failed program was:
| /* confdefs.h */
| #define PACKAGE_NAME "sumo"
| #define PACKAGE_TARNAME "sumo"
| #define PACKAGE_VERSION "1.0.0"
| #define PACKAGE_STRING "sumo 1.0.0"
| #define PACKAGE_BUGREPORT ""
| #define PACKAGE_URL ""
| #define PACKAGE "sumo"
| #define VERSION "1.0.0"
| /* end confdefs.h.  */
| #include <ac_nonexistent.h>
configure:4422: result: gcc -E
configure:4442: gcc -E  conftest.c
configure:4442: $? = 0
configure:4456: gcc -E  conftest.c
conftest.c:11:10: fatal error: ac_nonexistent.h: No such file or directory
 #include <ac_nonexistent.h>
          ^~~~~~~~~~~~~~~~~~
compilation terminated.
configure:4456: $? = 1
configure: failed program was:
| /* confdefs.h */
| #define PACKAGE_NAME "sumo"
| #define PACKAGE_TARNAME "sumo"
| #define PACKAGE_VERSION "1.0.0"
| #define PACKAGE_STRING "sumo 1.0.0"
| #define PACKAGE_BUGREPORT ""
| #define PACKAGE_URL ""
| #define PACKAGE "sumo"
| #define VERSION "1.0.0"
| /* end confdefs.h.  */
| #include <ac_nonexistent.h>
configure:4542: checking for g++
configure:4558: found /usr/bin/g++
configure:4569: result: g++
configure:4596: checking for C++ compiler version
configure:4605: g++ --version >&5
g++ (Ubuntu 7.4.0-1ubuntu1~18.04.1) 7.4.0
Copyright (C) 2017 Free Software Foundation, Inc.
This is free software; see the source for copying conditions.  There is NO
warranty; not even for MERCHANTABILITY or FITNESS FOR A PARTICULAR PURPOSE.

configure:4616: $? = 0
configure:4605: g++ -v >&5
Using built-in specs.
COLLECT_GCC=g++
COLLECT_LTO_WRAPPER=/usr/lib/gcc/x86_64-linux-gnu/7/lto-wrapper
OFFLOAD_TARGET_NAMES=nvptx-none
OFFLOAD_TARGET_DEFAULT=1
Target: x86_64-linux-gnu
Configured with: ../src/configure -v --with-pkgversion='Ubuntu 7.4.0-1ubuntu1~18.04.1' --with-bugurl=file:///usr/share/doc/gcc-7/README.Bugs --enable-languages=c,ada,c++,go,brig,d,fortran,objc,obj-c++ --prefix=/usr --with-gcc-major-version-only --program-suffix=-7 --program-prefix=x86_64-linux-gnu- --enable-shared --enable-linker-build-id --libexecdir=/usr/lib --without-included-gettext --enable-threads=posix --libdir=/usr/lib --enable-nls --with-sysroot=/ --enable-clocale=gnu --enable-libstdcxx-debug --enable-libstdcxx-time=yes --with-default-libstdcxx-abi=new --enable-gnu-unique-object --disable-vtable-verify --enable-libmpx --enable-plugin --enable-default-pie --with-system-zlib --with-target-system-zlib --enable-objc-gc=auto --enable-multiarch --disable-werror --with-arch-32=i686 --with-abi=m64 --with-multilib-list=m32,m64,mx32 --enable-multilib --with-tune=generic --enable-offload-targets=nvptx-none --without-cuda-driver --enable-checking=release --build=x86_64-linux-gnu --host=x86_64-linux-gnu --target=x86_64-linux-gnu
Thread model: posix
gcc version 7.4.0 (Ubuntu 7.4.0-1ubuntu1~18.04.1) 
configure:4616: $? = 0
configure:4605: g++ -V >&5
g++: error: unrecognized command line option '-V'
g++: fatal error: no input files
compilation terminated.
configure:4616: $? = 1
configure:4605: g++ -qversion >&5
g++: error: unrecognized command line option '-qversion'; did you mean '--version'?
g++: fatal error: no input files
compilation terminated.
configure:4616: $? = 1
configure:4620: checking whether we are using the GNU C++ compiler
configure:4639: g++ -c -std=c++11 -O2 -DNDEBUG   conftest.cpp >&5
configure:4639: $? = 0
configure:4648: result: yes
configure:4657: checking whether g++ accepts -g
configure:4677: g++ -c -g  conftest.cpp >&5
configure:4677: $? = 0
configure:4718: result: yes
configure:4743: checking dependency style of g++
configure:4854: result: gcc3
configure:4870: checking whether ln -s works
configure:4874: result: yes
configure:4881: checking whether make sets $(MAKE)
configure:4903: result: yes
configure:4956: checking for ranlib
configure:4972: found /usr/bin/ranlib
configure:4983: result: ranlib
configure:5119: checking for pkg-config
configure:5137: found /usr/bin/pkg-config
configure:5149: result: /usr/bin/pkg-config
configure:5174: checking pkg-config is at least version 0.9.0
configure:5177: result: yes
configure:5187: checking for XERCES
configure:5194: $PKG_CONFIG --exists --print-errors "xerces-c >= 3.0"
configure:5197: $? = 0
configure:5211: $PKG_CONFIG --exists --print-errors "xerces-c >= 3.0"
configure:5214: $? = 0
configure:5256: result: yes
configure:5289: checking for main in -lxerces-c
configure:5308: g++ -o conftest -msse2 -mfpmath=sse -std=c++11 -O2 -DNDEBUG    -L/usr/local/lib conftest.cpp -lxerces-c   >&5
configure:5308: $? = 0
configure:5318: result: yes
configure:5388: checking how to run the C++ preprocessor
configure:5415: g++ -E  -I/usr/local/include -I/usr/include conftest.cpp
configure:5415: $? = 0
configure:5429: g++ -E  -I/usr/local/include -I/usr/include conftest.cpp
conftest.cpp:15:10: fatal error: ac_nonexistent.h: No such file or directory
 #include <ac_nonexistent.h>
          ^~~~~~~~~~~~~~~~~~
compilation terminated.
configure:5429: $? = 1
configure: failed program was:
| /* confdefs.h */
| #define PACKAGE_NAME "sumo"
| #define PACKAGE_TARNAME "sumo"
| #define PACKAGE_VERSION "1.0.0"
| #define PACKAGE_STRING "sumo 1.0.0"
| #define PACKAGE_BUGREPORT ""
| #define PACKAGE_URL ""
| #define PACKAGE "sumo"
| #define VERSION "1.0.0"
| #define POSITION_EPS 0.1
| #define NUMERICAL_EPS 0.001
| #define VERSION_STRING "1.0.0"
| #define XERCES3_SIZE_t XMLSize_t
| /* end confdefs.h.  */
| #include <ac_nonexistent.h>
configure:5454: result: g++ -E
configure:5474: g++ -E  -I/usr/local/include -I/usr/include conftest.cpp
configure:5474: $? = 0
configure:5488: g++ -E  -I/usr/local/include -I/usr/include conftest.cpp
conftest.cpp:15:10: fatal error: ac_nonexistent.h: No such file or directory
 #include <ac_nonexistent.h>
          ^~~~~~~~~~~~~~~~~~
compilation terminated.
configure:5488: $? = 1
configure: failed program was:
| /* confdefs.h */
| #define PACKAGE_NAME "sumo"
| #define PACKAGE_TARNAME "sumo"
| #define PACKAGE_VERSION "1.0.0"
| #define PACKAGE_STRING "sumo 1.0.0"
| #define PACKAGE_BUGREPORT ""
| #define PACKAGE_URL ""
| #define PACKAGE "sumo"
| #define VERSION "1.0.0"
| #define POSITION_EPS 0.1
| #define NUMERICAL_EPS 0.001
| #define VERSION_STRING "1.0.0"
| #define XERCES3_SIZE_t XMLSize_t
| /* end confdefs.h.  */
| #include <ac_nonexistent.h>
configure:5517: checking for grep that handles long lines and -e
configure:5575: result: /bin/grep
configure:5580: checking for egrep
configure:5642: result: /bin/grep -E
configure:5647: checking for ANSI C header files
configure:5667: g++ -c -msse2 -mfpmath=sse -std=c++11 -O2 -DNDEBUG   -I/usr/local/include -I/usr/include conftest.cpp >&5
configure:5667: $? = 0
configure:5740: g++ -o conftest -msse2 -mfpmath=sse -std=c++11 -O2 -DNDEBUG   -I/usr/local/include -I/usr/include  -L/usr/local/lib conftest.cpp  >&5
configure:5740: $? = 0
configure:5740: ./conftest
configure:5740: $? = 0
configure:5751: result: yes
configure:5764: checking for sys/types.h
configure:5764: g++ -c -msse2 -mfpmath=sse -std=c++11 -O2 -DNDEBUG   -I/usr/local/include -I/usr/include conftest.cpp >&5
configure:5764: $? = 0
configure:5764: result: yes
configure:5764: checking for sys/stat.h
configure:5764: g++ -c -msse2 -mfpmath=sse -std=c++11 -O2 -DNDEBUG   -I/usr/local/include -I/usr/include conftest.cpp >&5
configure:5764: $? = 0
configure:5764: result: yes
configure:5764: checking for stdlib.h
configure:5764: g++ -c -msse2 -mfpmath=sse -std=c++11 -O2 -DNDEBUG   -I/usr/local/include -I/usr/include conftest.cpp >&5
configure:5764: $? = 0
configure:5764: result: yes
configure:5764: checking for string.h
configure:5764: g++ -c -msse2 -mfpmath=sse -std=c++11 -O2 -DNDEBUG   -I/usr/local/include -I/usr/include conftest.cpp >&5
configure:5764: $? = 0
configure:5764: result: yes
configure:5764: checking for memory.h
configure:5764: g++ -c -msse2 -mfpmath=sse -std=c++11 -O2 -DNDEBUG   -I/usr/local/include -I/usr/include conftest.cpp >&5
configure:5764: $? = 0
configure:5764: result: yes
configure:5764: checking for strings.h
configure:5764: g++ -c -msse2 -mfpmath=sse -std=c++11 -O2 -DNDEBUG   -I/usr/local/include -I/usr/include conftest.cpp >&5
configure:5764: $? = 0
configure:5764: result: yes
configure:5764: checking for inttypes.h
configure:5764: g++ -c -msse2 -mfpmath=sse -std=c++11 -O2 -DNDEBUG   -I/usr/local/include -I/usr/include conftest.cpp >&5
configure:5764: $? = 0
configure:5764: result: yes
configure:5764: checking for stdint.h
configure:5764: g++ -c -msse2 -mfpmath=sse -std=c++11 -O2 -DNDEBUG   -I/usr/local/include -I/usr/include conftest.cpp >&5
configure:5764: $? = 0
configure:5764: result: yes
configure:5764: checking for unistd.h
configure:5764: g++ -c -msse2 -mfpmath=sse -std=c++11 -O2 -DNDEBUG   -I/usr/local/include -I/usr/include conftest.cpp >&5
configure:5764: $? = 0
configure:5764: result: yes
configure:5776: checking xercesc/util/XercesVersion.hpp usability
configure:5776: g++ -c -msse2 -mfpmath=sse -std=c++11 -O2 -DNDEBUG   -I/usr/local/include -I/usr/include conftest.cpp >&5
configure:5776: $? = 0
configure:5776: result: yes
configure:5776: checking xercesc/util/XercesVersion.hpp presence
configure:5776: g++ -E  -I/usr/local/include -I/usr/include conftest.cpp
configure:5776: $? = 0
configure:5776: result: yes
configure:5776: checking for xercesc/util/XercesVersion.hpp
configure:5776: result: yes
configure:5827: checking for main in -lproj
configure:5846: g++ -o conftest -msse2 -mfpmath=sse -std=c++11 -O2 -DNDEBUG    -L/usr/local/lib conftest.cpp -lproj   >&5
configure:5846: $? = 0
configure:5855: result: yes
configure:5915: checking proj_api.h usability
configure:5915: g++ -c -msse2 -mfpmath=sse -std=c++11 -O2 -DNDEBUG   conftest.cpp >&5
configure:5915: $? = 0
configure:5915: result: yes
configure:5915: checking proj_api.h presence
configure:5915: g++ -E  conftest.cpp
configure:5915: $? = 0
configure:5915: result: yes
configure:5915: checking for proj_api.h
configure:5915: result: yes
configure:5961: checking for gdal-config
configure:5979: found /usr/bin/gdal-config
configure:5991: result: /usr/bin/gdal-config
configure:6022: checking ogr_api.h usability
configure:6022: g++ -c -msse2 -mfpmath=sse -std=c++11 -O2 -DNDEBUG  -I/usr/include/gdal conftest.cpp >&5
In file included from /usr/include/gdal/cpl_port.h:66:0,
                 from /usr/include/gdal/cpl_progress.h:33,
                 from /usr/include/gdal/ogr_api.h:43,
                 from conftest.cpp:59:
/usr/include/gdal/cpl_config.h:263:0: warning: "PACKAGE_NAME" redefined
 #define PACKAGE_NAME ""
 
conftest.cpp:2:0: note: this is the location of the previous definition
 #define PACKAGE_NAME "sumo"
 
In file included from /usr/include/gdal/cpl_port.h:66:0,
                 from /usr/include/gdal/cpl_progress.h:33,
                 from /usr/include/gdal/ogr_api.h:43,
                 from conftest.cpp:59:
/usr/include/gdal/cpl_config.h:266:0: warning: "PACKAGE_STRING" redefined
 #define PACKAGE_STRING ""
 
conftest.cpp:5:0: note: this is the location of the previous definition
 #define PACKAGE_STRING "sumo 1.0.0"
 
In file included from /usr/include/gdal/cpl_port.h:66:0,
                 from /usr/include/gdal/cpl_progress.h:33,
                 from /usr/include/gdal/ogr_api.h:43,
                 from conftest.cpp:59:
/usr/include/gdal/cpl_config.h:269:0: warning: "PACKAGE_TARNAME" redefined
 #define PACKAGE_TARNAME ""
 
conftest.cpp:3:0: note: this is the location of the previous definition
 #define PACKAGE_TARNAME "sumo"
 
In file included from /usr/include/gdal/cpl_port.h:66:0,
                 from /usr/include/gdal/cpl_progress.h:33,
                 from /usr/include/gdal/ogr_api.h:43,
                 from conftest.cpp:59:
/usr/include/gdal/cpl_config.h:275:0: warning: "PACKAGE_VERSION" redefined
 #define PACKAGE_VERSION ""
 
conftest.cpp:4:0: note: this is the location of the previous definition
 #define PACKAGE_VERSION "1.0.0"
 
configure:6022: $? = 0
configure:6022: result: yes
configure:6022: checking ogr_api.h presence
configure:6022: g++ -E -I/usr/include/gdal conftest.cpp
In file included from /usr/include/gdal/cpl_port.h:66:0,
                 from /usr/include/gdal/cpl_progress.h:33,
                 from /usr/include/gdal/ogr_api.h:43,
                 from conftest.cpp:26:
/usr/include/gdal/cpl_config.h:263:0: warning: "PACKAGE_NAME" redefined
 #define PACKAGE_NAME ""
 
conftest.cpp:2:0: note: this is the location of the previous definition
 #define PACKAGE_NAME "sumo"
 
In file included from /usr/include/gdal/cpl_port.h:66:0,
                 from /usr/include/gdal/cpl_progress.h:33,
                 from /usr/include/gdal/ogr_api.h:43,
                 from conftest.cpp:26:
/usr/include/gdal/cpl_config.h:266:0: warning: "PACKAGE_STRING" redefined
 #define PACKAGE_STRING ""
 
conftest.cpp:5:0: note: this is the location of the previous definition
 #define PACKAGE_STRING "sumo 1.0.0"
 
In file included from /usr/include/gdal/cpl_port.h:66:0,
                 from /usr/include/gdal/cpl_progress.h:33,
                 from /usr/include/gdal/ogr_api.h:43,
                 from conftest.cpp:26:
/usr/include/gdal/cpl_config.h:269:0: warning: "PACKAGE_TARNAME" redefined
 #define PACKAGE_TARNAME ""
 
conftest.cpp:3:0: note: this is the location of the previous definition
 #define PACKAGE_TARNAME "sumo"
 
In file included from /usr/include/gdal/cpl_port.h:66:0,
                 from /usr/include/gdal/cpl_progress.h:33,
                 from /usr/include/gdal/ogr_api.h:43,
                 from conftest.cpp:26:
/usr/include/gdal/cpl_config.h:275:0: warning: "PACKAGE_VERSION" redefined
 #define PACKAGE_VERSION ""
 
conftest.cpp:4:0: note: this is the location of the previous definition
 #define PACKAGE_VERSION "1.0.0"
 
configure:6022: $? = 0
configure:6022: result: yes
configure:6022: checking for ogr_api.h
configure:6022: result: yes
configure:6053: checking for fox-config
configure:6071: found /usr/bin/fox-config
configure:6083: result: /usr/bin/fox-config
configure:6114: checking fxver.h usability
configure:6114: g++ -c -msse2 -mfpmath=sse -std=c++11 -O2 -DNDEBUG  -I/usr/include/fox-1.6 conftest.cpp >&5
configure:6114: $? = 0
configure:6114: result: yes
configure:6114: checking fxver.h presence
configure:6114: g++ -E -I/usr/include/fox-1.6 conftest.cpp
configure:6114: $? = 0
configure:6114: result: yes
configure:6114: checking for fxver.h
configure:6114: result: yes
configure:6153: checking for gtest-config
configure:6186: result: no
configure:6340: checking for size_t
configure:6340: g++ -c -msse2 -mfpmath=sse -std=c++11 -O2 -DNDEBUG   conftest.cpp >&5
configure:6340: $? = 0
configure:6340: g++ -c -msse2 -mfpmath=sse -std=c++11 -O2 -DNDEBUG   conftest.cpp >&5
conftest.cpp: In function 'int main()':
conftest.cpp:65:20: error: expected primary-expression before ')' token
 if (sizeof ((size_t)))
                    ^
configure:6340: $? = 1
configure: failed program was:
| /* confdefs.h */
| #define PACKAGE_NAME "sumo"
| #define PACKAGE_TARNAME "sumo"
| #define PACKAGE_VERSION "1.0.0"
| #define PACKAGE_STRING "sumo 1.0.0"
| #define PACKAGE_BUGREPORT ""
| #define PACKAGE_URL ""
| #define PACKAGE "sumo"
| #define VERSION "1.0.0"
| #define POSITION_EPS 0.1
| #define NUMERICAL_EPS 0.001
| #define VERSION_STRING "1.0.0"
| #define XERCES3_SIZE_t XMLSize_t
| #define STDC_HEADERS 1
| #define HAVE_SYS_TYPES_H 1
| #define HAVE_SYS_STAT_H 1
| #define HAVE_STDLIB_H 1
| #define HAVE_STRING_H 1
| #define HAVE_MEMORY_H 1
| #define HAVE_STRINGS_H 1
| #define HAVE_INTTYPES_H 1
| #define HAVE_STDINT_H 1
| #define HAVE_UNISTD_H 1
| #define HAVE_PROJ 1
| #define HAVE_GDAL 1
| #define HAVE_FOX 1
| #define HAVE_ENABLED "x86_64-pc-linux-gnu PROJ GDAL GUI"
| /* end confdefs.h.  */
| #include <stdio.h>
| #ifdef HAVE_SYS_TYPES_H
| # include <sys/types.h>
| #endif
| #ifdef HAVE_SYS_STAT_H
| # include <sys/stat.h>
| #endif
| #ifdef STDC_HEADERS
| # include <stdlib.h>
| # include <stddef.h>
| #else
| # ifdef HAVE_STDLIB_H
| #  include <stdlib.h>
| # endif
| #endif
| #ifdef HAVE_STRING_H
| # if !defined STDC_HEADERS && defined HAVE_MEMORY_H
| #  include <memory.h>
| # endif
| # include <string.h>
| #endif
| #ifdef HAVE_STRINGS_H
| # include <strings.h>
| #endif
| #ifdef HAVE_INTTYPES_H
| # include <inttypes.h>
| #endif
| #ifdef HAVE_STDINT_H
| # include <stdint.h>
| #endif
| #ifdef HAVE_UNISTD_H
| # include <unistd.h>
| #endif
| int
| main ()
| {
| if (sizeof ((size_t)))
| 	    return 0;
|   ;
|   return 0;
| }
configure:6340: result: yes
configure:6353: checking for working alloca.h
configure:6370: g++ -o conftest -msse2 -mfpmath=sse -std=c++11 -O2 -DNDEBUG    -L/usr/local/lib conftest.cpp  >&5
configure:6370: $? = 0
configure:6378: result: yes
configure:6386: checking for alloca
configure:6423: g++ -o conftest -msse2 -mfpmath=sse -std=c++11 -O2 -DNDEBUG    -L/usr/local/lib conftest.cpp  >&5
configure:6423: $? = 0
configure:6431: result: yes
configure:6537: checking for ANSI C header files
configure:6641: result: yes
configure:6652: checking float.h usability
configure:6652: g++ -c -msse2 -mfpmath=sse -std=c++11 -O2 -DNDEBUG   conftest.cpp >&5
configure:6652: $? = 0
configure:6652: result: yes
configure:6652: checking float.h presence
configure:6652: g++ -E  conftest.cpp
configure:6652: $? = 0
configure:6652: result: yes
configure:6652: checking for float.h
configure:6652: result: yes
configure:6652: checking limits.h usability
configure:6652: g++ -c -msse2 -mfpmath=sse -std=c++11 -O2 -DNDEBUG   conftest.cpp >&5
configure:6652: $? = 0
configure:6652: result: yes
configure:6652: checking limits.h presence
configure:6652: g++ -E  conftest.cpp
configure:6652: $? = 0
configure:6652: result: yes
configure:6652: checking for limits.h
configure:6652: result: yes
configure:6652: checking malloc.h usability
configure:6652: g++ -c -msse2 -mfpmath=sse -std=c++11 -O2 -DNDEBUG   conftest.cpp >&5
configure:6652: $? = 0
configure:6652: result: yes
configure:6652: checking malloc.h presence
configure:6652: g++ -E  conftest.cpp
configure:6652: $? = 0
configure:6652: result: yes
configure:6652: checking for malloc.h
configure:6652: result: yes
configure:6652: checking math.h usability
configure:6652: g++ -c -msse2 -mfpmath=sse -std=c++11 -O2 -DNDEBUG   conftest.cpp >&5
configure:6652: $? = 0
configure:6652: result: yes
configure:6652: checking math.h presence
configure:6652: g++ -E  conftest.cpp
configure:6652: $? = 0
configure:6652: result: yes
configure:6652: checking for math.h
configure:6652: result: yes
configure:6652: checking stddef.h usability
configure:6652: g++ -c -msse2 -mfpmath=sse -std=c++11 -O2 -DNDEBUG   conftest.cpp >&5
configure:6652: $? = 0
configure:6652: result: yes
configure:6652: checking stddef.h presence
configure:6652: g++ -E  conftest.cpp
configure:6652: $? = 0
configure:6652: result: yes
configure:6652: checking for stddef.h
configure:6652: result: yes
configure:6652: checking for stdlib.h
configure:6652: result: yes
configure:6652: checking for string.h
configure:6652: result: yes
configure:6652: checking sys/time.h usability
configure:6652: g++ -c -msse2 -mfpmath=sse -std=c++11 -O2 -DNDEBUG   conftest.cpp >&5
configure:6652: $? = 0
configure:6652: result: yes
configure:6652: checking sys/time.h presence
configure:6652: g++ -E  conftest.cpp
configure:6652: $? = 0
configure:6652: result: yes
configure:6652: checking for sys/time.h
configure:6652: result: yes
configure:6652: checking for unistd.h
configure:6652: result: yes
configure:6652: checking wchar.h usability
configure:6652: g++ -c -msse2 -mfpmath=sse -std=c++11 -O2 -DNDEBUG   conftest.cpp >&5
configure:6652: $? = 0
configure:6652: result: yes
configure:6652: checking wchar.h presence
configure:6652: g++ -E  conftest.cpp
configure:6652: $? = 0
configure:6652: result: yes
configure:6652: checking for wchar.h
configure:6652: result: yes
configure:6663: checking for stdbool.h that conforms to C99
configure:6730: g++ -c -msse2 -mfpmath=sse -std=c++11 -O2 -DNDEBUG   conftest.cpp >&5
conftest.cpp:45:15: error: expected unqualified-id before string constant
               "error: bool is not defined"
               ^~~~~~~~~~~~~~~~~~~~~~~~~~~~
conftest.cpp:63:48: error: 's' does not name a type
              struct s { _Bool s: 1; _Bool t; } s;
                                                ^
conftest.cpp:73:28: error: 's' was not declared in this scope
              char i[sizeof s.t];
                            ^
conftest.cpp: In function 'int main()':
conftest.cpp:91:24: error: 's' was not declared in this scope
              bool e = &s;
                        ^
conftest.cpp:95:63: error: 'i' was not declared in this scope
              return (!a + !b + !c + !d + !e + !f + !g + !h + !i + !!j + !k + !!l
                                                               ^
configure:6730: $? = 1
configure: failed program was:
| /* confdefs.h */
| #define PACKAGE_NAME "sumo"
| #define PACKAGE_TARNAME "sumo"
| #define PACKAGE_VERSION "1.0.0"
| #define PACKAGE_STRING "sumo 1.0.0"
| #define PACKAGE_BUGREPORT ""
| #define PACKAGE_URL ""
| #define PACKAGE "sumo"
| #define VERSION "1.0.0"
| #define POSITION_EPS 0.1
| #define NUMERICAL_EPS 0.001
| #define VERSION_STRING "1.0.0"
| #define XERCES3_SIZE_t XMLSize_t
| #define STDC_HEADERS 1
| #define HAVE_SYS_TYPES_H 1
| #define HAVE_SYS_STAT_H 1
| #define HAVE_STDLIB_H 1
| #define HAVE_STRING_H 1
| #define HAVE_MEMORY_H 1
| #define HAVE_STRINGS_H 1
| #define HAVE_INTTYPES_H 1
| #define HAVE_STDINT_H 1
| #define HAVE_UNISTD_H 1
| #define HAVE_PROJ 1
| #define HAVE_GDAL 1
| #define HAVE_FOX 1
| #define HAVE_ENABLED "x86_64-pc-linux-gnu PROJ GDAL GUI"
| #define HAVE_ALLOCA_H 1
| #define HAVE_ALLOCA 1
| #define STDC_HEADERS 1
| #define HAVE_FLOAT_H 1
| #define HAVE_LIMITS_H 1
| #define HAVE_MALLOC_H 1
| #define HAVE_MATH_H 1
| #define HAVE_STDDEF_H 1
| #define HAVE_STDLIB_H 1
| #define HAVE_STRING_H 1
| #define HAVE_SYS_TIME_H 1
| #define HAVE_UNISTD_H 1
| #define HAVE_WCHAR_H 1
| /* end confdefs.h.  */
| 
|              #include <stdbool.h>
|              #ifndef bool
|               "error: bool is not defined"
|              #endif
|              #ifndef false
|               "error: false is not defined"
|              #endif
|              #if false
|               "error: false is not 0"
|              #endif
|              #ifndef true
|               "error: true is not defined"
|              #endif
|              #if true != 1
|               "error: true is not 1"
|              #endif
|              #ifndef __bool_true_false_are_defined
|               "error: __bool_true_false_are_defined is not defined"
|              #endif
| 
|              struct s { _Bool s: 1; _Bool t; } s;
| 
|              char a[true == 1 ? 1 : -1];
|              char b[false == 0 ? 1 : -1];
|              char c[__bool_true_false_are_defined == 1 ? 1 : -1];
|              char d[(bool) 0.5 == true ? 1 : -1];
|              /* See body of main program for 'e'.  */
|              char f[(_Bool) 0.0 == false ? 1 : -1];
|              char g[true];
|              char h[sizeof (_Bool)];
|              char i[sizeof s.t];
|              enum { j = false, k = true, l = false * true, m = true * 256 };
|              /* The following fails for
|                 HP aC++/ANSI C B3910B A.05.55 [Dec 04 2003]. */
|              _Bool n[m];
|              char o[sizeof n == m * sizeof n[0] ? 1 : -1];
|              char p[-1 - (_Bool) 0 < 0 && -1 - (bool) 0 < 0 ? 1 : -1];
|              /* Catch a bug in an HP-UX C compiler.  See
|                 http://gcc.gnu.org/ml/gcc-patches/2003-12/msg02303.html
|                 http://lists.gnu.org/archive/html/bug-coreutils/2005-11/msg00161.html
|               */
|              _Bool q = true;
|              _Bool *pq = &q;
| 
| int
| main ()
| {
| 
|              bool e = &s;
|              *pq |= q;
|              *pq |= ! q;
|              /* Refer to every declared value, to avoid compiler optimizations.  */
|              return (!a + !b + !c + !d + !e + !f + !g + !h + !i + !!j + !k + !!l
|                      + !m + !n + !o + !p + !q + !pq);
| 
|   ;
|   return 0;
| }
configure:6737: result: no
configure:6739: checking for _Bool
configure:6739: g++ -c -msse2 -mfpmath=sse -std=c++11 -O2 -DNDEBUG   conftest.cpp >&5
conftest.cpp: In function 'int main()':
conftest.cpp:78:13: error: '_Bool' was not declared in this scope
 if (sizeof (_Bool))
             ^~~~~
conftest.cpp:78:13: note: suggested alternative: 'bool'
 if (sizeof (_Bool))
             ^~~~~
             bool
configure:6739: $? = 1
configure: failed program was:
| /* confdefs.h */
| #define PACKAGE_NAME "sumo"
| #define PACKAGE_TARNAME "sumo"
| #define PACKAGE_VERSION "1.0.0"
| #define PACKAGE_STRING "sumo 1.0.0"
| #define PACKAGE_BUGREPORT ""
| #define PACKAGE_URL ""
| #define PACKAGE "sumo"
| #define VERSION "1.0.0"
| #define POSITION_EPS 0.1
| #define NUMERICAL_EPS 0.001
| #define VERSION_STRING "1.0.0"
| #define XERCES3_SIZE_t XMLSize_t
| #define STDC_HEADERS 1
| #define HAVE_SYS_TYPES_H 1
| #define HAVE_SYS_STAT_H 1
| #define HAVE_STDLIB_H 1
| #define HAVE_STRING_H 1
| #define HAVE_MEMORY_H 1
| #define HAVE_STRINGS_H 1
| #define HAVE_INTTYPES_H 1
| #define HAVE_STDINT_H 1
| #define HAVE_UNISTD_H 1
| #define HAVE_PROJ 1
| #define HAVE_GDAL 1
| #define HAVE_FOX 1
| #define HAVE_ENABLED "x86_64-pc-linux-gnu PROJ GDAL GUI"
| #define HAVE_ALLOCA_H 1
| #define HAVE_ALLOCA 1
| #define STDC_HEADERS 1
| #define HAVE_FLOAT_H 1
| #define HAVE_LIMITS_H 1
| #define HAVE_MALLOC_H 1
| #define HAVE_MATH_H 1
| #define HAVE_STDDEF_H 1
| #define HAVE_STDLIB_H 1
| #define HAVE_STRING_H 1
| #define HAVE_SYS_TIME_H 1
| #define HAVE_UNISTD_H 1
| #define HAVE_WCHAR_H 1
| /* end confdefs.h.  */
| #include <stdio.h>
| #ifdef HAVE_SYS_TYPES_H
| # include <sys/types.h>
| #endif
| #ifdef HAVE_SYS_STAT_H
| # include <sys/stat.h>
| #endif
| #ifdef STDC_HEADERS
| # include <stdlib.h>
| # include <stddef.h>
| #else
| # ifdef HAVE_STDLIB_H
| #  include <stdlib.h>
| # endif
| #endif
| #ifdef HAVE_STRING_H
| # if !defined STDC_HEADERS && defined HAVE_MEMORY_H
| #  include <memory.h>
| # endif
| # include <string.h>
| #endif
| #ifdef HAVE_STRINGS_H
| # include <strings.h>
| #endif
| #ifdef HAVE_INTTYPES_H
| # include <inttypes.h>
| #endif
| #ifdef HAVE_STDINT_H
| # include <stdint.h>
| #endif
| #ifdef HAVE_UNISTD_H
| # include <unistd.h>
| #endif
| int
| main ()
| {
| if (sizeof (_Bool))
| 	 return 0;
|   ;
|   return 0;
| }
configure:6739: result: no
configure:6756: checking for an ANSI C-conforming const
configure:6822: g++ -c -msse2 -mfpmath=sse -std=c++11 -O2 -DNDEBUG   conftest.cpp >&5
configure:6822: $? = 0
configure:6829: result: yes
configure:6837: checking for inline
configure:6853: g++ -c -msse2 -mfpmath=sse -std=c++11 -O2 -DNDEBUG   conftest.cpp >&5
configure:6853: $? = 0
configure:6861: result: inline
configure:6879: checking for size_t
configure:6879: result: yes
configure:6890: checking whether time.h and sys/time.h may both be included
configure:6910: g++ -c -msse2 -mfpmath=sse -std=c++11 -O2 -DNDEBUG   conftest.cpp >&5
configure:6910: $? = 0
configure:6917: result: yes
configure:6925: checking whether struct tm is in sys/time.h or time.h
configure:6945: g++ -c -msse2 -mfpmath=sse -std=c++11 -O2 -DNDEBUG   conftest.cpp >&5
configure:6945: $? = 0
configure:6952: result: time.h
configure:6960: checking for working volatile
configure:6979: g++ -c -msse2 -mfpmath=sse -std=c++11 -O2 -DNDEBUG   conftest.cpp >&5
configure:6979: $? = 0
configure:6986: result: yes
configure:6995: checking for error_at_line
configure:7011: g++ -o conftest -msse2 -mfpmath=sse -std=c++11 -O2 -DNDEBUG    -L/usr/local/lib conftest.cpp  >&5
configure:7011: $? = 0
configure:7019: result: yes
configure:7033: checking sys/select.h usability
configure:7033: g++ -c -msse2 -mfpmath=sse -std=c++11 -O2 -DNDEBUG   conftest.cpp >&5
configure:7033: $? = 0
configure:7033: result: yes
configure:7033: checking sys/select.h presence
configure:7033: g++ -E  conftest.cpp
configure:7033: $? = 0
configure:7033: result: yes
configure:7033: checking for sys/select.h
configure:7033: result: yes
configure:7033: checking sys/socket.h usability
configure:7033: g++ -c -msse2 -mfpmath=sse -std=c++11 -O2 -DNDEBUG   conftest.cpp >&5
configure:7033: $? = 0
configure:7033: result: yes
configure:7033: checking sys/socket.h presence
configure:7033: g++ -E  conftest.cpp
configure:7033: $? = 0
configure:7033: result: yes
configure:7033: checking for sys/socket.h
configure:7033: result: yes
configure:7043: checking types of arguments for select
configure:7071: g++ -c -msse2 -mfpmath=sse -std=c++11 -O2 -DNDEBUG   conftest.cpp >&5
configure:7071: $? = 0
configure:7082: result: int,fd_set *,struct timeval *
configure:7105: checking return type of signal handlers
configure:7123: g++ -c -msse2 -mfpmath=sse -std=c++11 -O2 -DNDEBUG   conftest.cpp >&5
conftest.cpp: In function 'int main()':
conftest.cpp:54:25: error: void value not ignored as it ought to be
 return *(signal (0, 0)) (0) == 1;
         ~~~~~~~~~~~~~~~~^~~
configure:7123: $? = 1
configure: failed program was:
| /* confdefs.h */
| #define PACKAGE_NAME "sumo"
| #define PACKAGE_TARNAME "sumo"
| #define PACKAGE_VERSION "1.0.0"
| #define PACKAGE_STRING "sumo 1.0.0"
| #define PACKAGE_BUGREPORT ""
| #define PACKAGE_URL ""
| #define PACKAGE "sumo"
| #define VERSION "1.0.0"
| #define POSITION_EPS 0.1
| #define NUMERICAL_EPS 0.001
| #define VERSION_STRING "1.0.0"
| #define XERCES3_SIZE_t XMLSize_t
| #define STDC_HEADERS 1
| #define HAVE_SYS_TYPES_H 1
| #define HAVE_SYS_STAT_H 1
| #define HAVE_STDLIB_H 1
| #define HAVE_STRING_H 1
| #define HAVE_MEMORY_H 1
| #define HAVE_STRINGS_H 1
| #define HAVE_INTTYPES_H 1
| #define HAVE_STDINT_H 1
| #define HAVE_UNISTD_H 1
| #define HAVE_PROJ 1
| #define HAVE_GDAL 1
| #define HAVE_FOX 1
| #define HAVE_ENABLED "x86_64-pc-linux-gnu PROJ GDAL GUI"
| #define HAVE_ALLOCA_H 1
| #define HAVE_ALLOCA 1
| #define STDC_HEADERS 1
| #define HAVE_FLOAT_H 1
| #define HAVE_LIMITS_H 1
| #define HAVE_MALLOC_H 1
| #define HAVE_MATH_H 1
| #define HAVE_STDDEF_H 1
| #define HAVE_STDLIB_H 1
| #define HAVE_STRING_H 1
| #define HAVE_SYS_TIME_H 1
| #define HAVE_UNISTD_H 1
| #define HAVE_WCHAR_H 1
| #define TIME_WITH_SYS_TIME 1
| #define HAVE_SYS_SELECT_H 1
| #define HAVE_SYS_SOCKET_H 1
| #define SELECT_TYPE_ARG1 int
| #define SELECT_TYPE_ARG234 (fd_set *)
| #define SELECT_TYPE_ARG5 (struct timeval *)
| /* end confdefs.h.  */
| #include <sys/types.h>
| #include <signal.h>
| 
| int
| main ()
| {
| return *(signal (0, 0)) (0) == 1;
|   ;
|   return 0;
| }
configure:7130: result: void
configure:7138: checking whether lstat correctly handles trailing slash
configure:7164: g++ -o conftest -msse2 -mfpmath=sse -std=c++11 -O2 -DNDEBUG    -L/usr/local/lib conftest.cpp  >&5
configure:7164: $? = 0
configure:7164: ./conftest
configure:7164: $? = 0
configure:7181: result: yes
configure:7200: checking whether stat accepts an empty string
configure:7220: g++ -o conftest -msse2 -mfpmath=sse -std=c++11 -O2 -DNDEBUG    -L/usr/local/lib conftest.cpp  >&5
configure:7220: $? = 0
configure:7220: ./conftest
configure:7220: $? = 0
configure:7230: result: no
configure:7249: checking for floor
configure:7249: g++ -o conftest -msse2 -mfpmath=sse -std=c++11 -O2 -DNDEBUG    -L/usr/local/lib conftest.cpp  >&5
conftest.cpp:73:6: warning: declaration of 'char floor()' conflicts with built-in declaration 'double floor(double)' [-Wbuiltin-declaration-mismatch]
 char floor ();
      ^~~~~
configure:7249: $? = 0
configure:7249: result: yes
configure:7249: checking for getcwd
configure:7249: g++ -o conftest -msse2 -mfpmath=sse -std=c++11 -O2 -DNDEBUG    -L/usr/local/lib conftest.cpp  >&5
configure:7249: $? = 0
configure:7249: result: yes
configure:7249: checking for gettimeofday
configure:7249: g++ -o conftest -msse2 -mfpmath=sse -std=c++11 -O2 -DNDEBUG    -L/usr/local/lib conftest.cpp  >&5
configure:7249: $? = 0
configure:7249: result: yes
configure:7249: checking for memset
configure:7249: g++ -o conftest -msse2 -mfpmath=sse -std=c++11 -O2 -DNDEBUG    -L/usr/local/lib conftest.cpp  >&5
conftest.cpp:76:6: warning: declaration of 'char memset()' conflicts with built-in declaration 'void* memset(void*, int, long unsigned int)' [-Wbuiltin-declaration-mismatch]
 char memset ();
      ^~~~~~
configure:7249: $? = 0
configure:7249: result: yes
configure:7249: checking for pow
configure:7249: g++ -o conftest -msse2 -mfpmath=sse -std=c++11 -O2 -DNDEBUG    -L/usr/local/lib conftest.cpp  >&5
conftest.cpp:77:6: warning: declaration of 'char pow()' conflicts with built-in declaration 'double pow(double, double)' [-Wbuiltin-declaration-mismatch]
 char pow ();
      ^~~
configure:7249: $? = 0
configure:7249: result: yes
configure:7249: checking for select
configure:7249: g++ -o conftest -msse2 -mfpmath=sse -std=c++11 -O2 -DNDEBUG    -L/usr/local/lib conftest.cpp  >&5
configure:7249: $? = 0
configure:7249: result: yes
configure:7249: checking for socket
configure:7249: g++ -o conftest -msse2 -mfpmath=sse -std=c++11 -O2 -DNDEBUG    -L/usr/local/lib conftest.cpp  >&5
configure:7249: $? = 0
configure:7249: result: yes
configure:7249: checking for sqrt
configure:7249: g++ -o conftest -msse2 -mfpmath=sse -std=c++11 -O2 -DNDEBUG    -L/usr/local/lib conftest.cpp  >&5
conftest.cpp:80:6: warning: declaration of 'char sqrt()' conflicts with built-in declaration 'double sqrt(double)' [-Wbuiltin-declaration-mismatch]
 char sqrt ();
      ^~~~
configure:7249: $? = 0
configure:7249: result: yes
configure:7371: checking that generated files are newer than configure
configure:7377: result: done
configure:7416: creating ./config.status
configure:8818: result: 
configure:8820: result: Optional features summary
configure:8822: result: -------------------------
configure:8824: result: Enabled: PROJ GDAL GUI
configure:8826: result: Disabled: Debug Profiling Coverage PIC UnitTests Python OSG ffmpeg

## ---------------- ##
## Cache variables. ##
## ---------------- ##

ac_cv_build=x86_64-pc-linux-gnu
ac_cv_c_compiler_gnu=yes
ac_cv_c_const=yes
ac_cv_c_inline=inline
ac_cv_c_volatile=yes
ac_cv_cxx_compiler_gnu=yes
ac_cv_env_CCC_set=
ac_cv_env_CCC_value=
ac_cv_env_CC_set=
ac_cv_env_CC_value=
ac_cv_env_CFLAGS_set=
ac_cv_env_CFLAGS_value=
ac_cv_env_CPPFLAGS_set=
ac_cv_env_CPPFLAGS_value=
ac_cv_env_CPP_set=
ac_cv_env_CPP_value=
ac_cv_env_CXXCPP_set=
ac_cv_env_CXXCPP_value=
ac_cv_env_CXXFLAGS_set=
ac_cv_env_CXXFLAGS_value=
ac_cv_env_CXX_set=
ac_cv_env_CXX_value=
ac_cv_env_LDFLAGS_set=
ac_cv_env_LDFLAGS_value=
ac_cv_env_LIBS_set=
ac_cv_env_LIBS_value=
ac_cv_env_PKG_CONFIG_LIBDIR_set=
ac_cv_env_PKG_CONFIG_LIBDIR_value=
ac_cv_env_PKG_CONFIG_PATH_set=
ac_cv_env_PKG_CONFIG_PATH_value=
ac_cv_env_PKG_CONFIG_set=
ac_cv_env_PKG_CONFIG_value=
ac_cv_env_XERCES_CFLAGS_set=
ac_cv_env_XERCES_CFLAGS_value=
ac_cv_env_XERCES_LIBS_set=
ac_cv_env_XERCES_LIBS_value=
ac_cv_env_build_alias_set=
ac_cv_env_build_alias_value=
ac_cv_env_host_alias_set=
ac_cv_env_host_alias_value=
ac_cv_env_target_alias_set=
ac_cv_env_target_alias_value=
ac_cv_func_alloca_works=yes
ac_cv_func_floor=yes
ac_cv_func_getcwd=yes
ac_cv_func_gettimeofday=yes
ac_cv_func_lstat_dereferences_slashed_symlink=yes
ac_cv_func_memset=yes
ac_cv_func_pow=yes
ac_cv_func_select=yes
ac_cv_func_select_args='int,fd_set *,struct timeval *'
ac_cv_func_socket=yes
ac_cv_func_sqrt=yes
ac_cv_func_stat_empty_string_bug=no
ac_cv_header_float_h=yes
ac_cv_header_fxver_h=yes
ac_cv_header_inttypes_h=yes
ac_cv_header_limits_h=yes
ac_cv_header_malloc_h=yes
ac_cv_header_math_h=yes
ac_cv_header_memory_h=yes
ac_cv_header_ogr_api_h=yes
ac_cv_header_proj_api_h=yes
ac_cv_header_stdbool_h=no
ac_cv_header_stdc=yes
ac_cv_header_stddef_h=yes
ac_cv_header_stdint_h=yes
ac_cv_header_stdlib_h=yes
ac_cv_header_string_h=yes
ac_cv_header_strings_h=yes
ac_cv_header_sys_select_h=yes
ac_cv_header_sys_socket_h=yes
ac_cv_header_sys_stat_h=yes
ac_cv_header_sys_time_h=yes
ac_cv_header_sys_types_h=yes
ac_cv_header_time=yes
ac_cv_header_unistd_h=yes
ac_cv_header_wchar_h=yes
ac_cv_header_xercesc_util_XercesVersion_hpp=yes
ac_cv_host=x86_64-pc-linux-gnu
ac_cv_lib_error_at_line=yes
ac_cv_lib_proj_main=yes
ac_cv_lib_xerces_c___main=yes
ac_cv_objext=o
ac_cv_path_EGREP='/bin/grep -E'
ac_cv_path_FOX_CONFIG=/usr/bin/fox-config
ac_cv_path_GDAL_CONFIG=/usr/bin/gdal-config
ac_cv_path_GREP=/bin/grep
ac_cv_path_ac_pt_PKG_CONFIG=/usr/bin/pkg-config
ac_cv_path_install='/usr/bin/install -c'
ac_cv_path_mkdir=/bin/mkdir
ac_cv_prog_AWK=gawk
ac_cv_prog_CPP='gcc -E'
ac_cv_prog_CXXCPP='g++ -E'
ac_cv_prog_ac_ct_CC=gcc
ac_cv_prog_ac_ct_CXX=g++
ac_cv_prog_ac_ct_RANLIB=ranlib
ac_cv_prog_cc_c89=
ac_cv_prog_cc_g=yes
ac_cv_prog_cxx_g=yes
ac_cv_prog_make_make_set=yes
ac_cv_struct_tm=time.h
ac_cv_target=x86_64-pc-linux-gnu
ac_cv_type__Bool=no
ac_cv_type_signal=void
ac_cv_type_size_t=yes
ac_cv_working_alloca_h=yes
am_cv_CC_dependencies_compiler_type=gcc3
am_cv_CXX_dependencies_compiler_type=gcc3
am_cv_make_support_nested_variables=yes
am_cv_prog_cc_c_o=yes
am_cv_prog_tar_ustar=gnutar
pkg_cv_XERCES_CFLAGS=
pkg_cv_XERCES_LIBS=-lxerces-c

## ----------------- ##
## Output variables. ##
## ----------------- ##

ACLOCAL='${SHELL} /home/wagner/sumo-ns3/sumo-1.0.0/missing aclocal-1.15'
ALLOCA=''
AMDEPBACKSLASH='\'
AMDEP_FALSE='#'
AMDEP_TRUE=''
AMTAR='$${TAR-tar}'
AM_BACKSLASH='\'
AM_CPPFLAGS='-I/home/wagner/sumo-ns3/sumo-1.0.0/./src -I/usr/include/fox-1.6 -I/usr/include/gdal  -I/usr/local/include -I/usr/include '
AM_CXXFLAGS=''
AM_DEFAULT_V='$(AM_DEFAULT_VERBOSITY)'
AM_DEFAULT_VERBOSITY='1'
AM_V='$(V)'
ARFLAGS='cr'
AR_FLAGS='cr'
AUTOCONF='${SHELL} /home/wagner/sumo-ns3/sumo-1.0.0/missing autoconf'
AUTOHEADER='${SHELL} /home/wagner/sumo-ns3/sumo-1.0.0/missing autoheader'
AUTOMAKE='${SHELL} /home/wagner/sumo-ns3/sumo-1.0.0/missing automake-1.15'
AWK='gawk'
CC='gcc'
CCDEPMODE='depmode=gcc3'
CFLAGS='-g -O2'
CPP='gcc -E'
CPPFLAGS=''
CXX='g++'
CXXCPP='g++ -E'
CXXDEPMODE='depmode=gcc3'
CXXFLAGS='-msse2 -mfpmath=sse -std=c++11 -O2 -DNDEBUG '
CYGPATH_W='echo'
DEFS='-DHAVE_CONFIG_H'
DEPDIR='.deps'
ECHO_C=''
ECHO_N='-n'
ECHO_T=''
EGREP='/bin/grep -E'
EXEEXT=''
FFMPEG_LIBS=''
FOX_CONFIG='/usr/bin/fox-config'
FOX_LDFLAGS='-L/usr/lib/x86_64-linux-gnu -lFOX-1.6 -lX11 -lXext -lfreetype -lfontconfig -lXft -lXcursor -lfreetype -lfontconfig -lfreetype -lGL -lGLU -ldl -lpthread -lrt -ljpeg -lpng -ltiff -lz -lGLU -lGL'
GDAL_CONFIG='/usr/bin/gdal-config'
GDAL_LDFLAGS='-L/usr/lib -lgdal'
GREP='/bin/grep'
GTEST_CONFIG=''
GTEST_LDFLAGS=''
INSTALL_DATA='${INSTALL} -m 644'
INSTALL_PROGRAM='${INSTALL}'
INSTALL_SCRIPT='${INSTALL}'
INSTALL_STRIP_PROGRAM='$(install_sh) -c -s'
LDFLAGS=' -L/usr/local/lib'
LIBOBJS=''
LIBS=''
LIB_XERCES='xerces-c'
LN_S='ln -s'
LTLIBOBJS=''
MAKEINFO='${SHELL} /home/wagner/sumo-ns3/sumo-1.0.0/missing makeinfo'
MKDIR_P='/bin/mkdir -p'
OBJEXT='o'
OSG_LIBS=''
PACKAGE='sumo'
PACKAGE_BUGREPORT=''
PACKAGE_NAME='sumo'
PACKAGE_STRING='sumo 1.0.0'
PACKAGE_TARNAME='sumo'
PACKAGE_URL=''
PACKAGE_VERSION='1.0.0'
PATH_SEPARATOR=':'
PKG_CONFIG='/usr/bin/pkg-config'
PKG_CONFIG_LIBDIR=''
PKG_CONFIG_PATH=''
PROJ_LDFLAGS='-lproj'
PYTHON_LIBS=''
RANLIB='ranlib'
SET_MAKE=''
SHELL='/bin/bash'
STRIP=''
VERSION='1.0.0'
WITH_GTEST_FALSE=''
WITH_GTEST_TRUE='#'
WITH_GUI_FALSE='#'
WITH_GUI_TRUE=''
WITH_VERSION_H_FALSE=''
WITH_VERSION_H_TRUE='#'
XERCES_CFLAGS=''
XERCES_LDFLAGS=''
XERCES_LIBS='-lxerces-c'
ac_ct_CC='gcc'
ac_ct_CXX='g++'
am__EXEEXT_FALSE=''
am__EXEEXT_TRUE='#'
am__fastdepCC_FALSE='#'
am__fastdepCC_TRUE=''
am__fastdepCXX_FALSE='#'
am__fastdepCXX_TRUE=''
am__include='include'
am__isrc=''
am__leading_dot='.'
am__nodep='_no'
am__quote=''
am__tar='tar --format=ustar -chf - "$$tardir"'
am__untar='tar -xf -'
bindir='${exec_prefix}/bin'
build='x86_64-pc-linux-gnu'
build_alias=''
build_cpu='x86_64'
build_os='linux-gnu'
build_vendor='pc'
datadir='${datarootdir}'
datarootdir='${prefix}/share'
docdir='${datarootdir}/doc/${PACKAGE_TARNAME}'
dvidir='${docdir}'
exec_prefix='${prefix}'
host='x86_64-pc-linux-gnu'
host_alias=''
host_cpu='x86_64'
host_os='linux-gnu'
host_vendor='pc'
htmldir='${docdir}'
includedir='${prefix}/include'
infodir='${datarootdir}/info'
install_sh='${SHELL} /home/wagner/sumo-ns3/sumo-1.0.0/install-sh'
libdir='${exec_prefix}/lib'
libexecdir='${exec_prefix}/libexec'
localedir='${datarootdir}/locale'
localstatedir='${prefix}/var'
mandir='${datarootdir}/man'
mkdir_p='$(MKDIR_P)'
oldincludedir='/usr/include'
pdfdir='${docdir}'
prefix='/usr/local'
program_transform_name='s,x,x,'
psdir='${docdir}'
runstatedir='${localstatedir}/run'
sbindir='${exec_prefix}/sbin'
sharedstatedir='${prefix}/com'
sysconfdir='${prefix}/etc'
target='x86_64-pc-linux-gnu'
target_alias=''
target_cpu='x86_64'
target_os='linux-gnu'
target_vendor='pc'

## ----------- ##
## confdefs.h. ##
## ----------- ##

/* confdefs.h */
#define PACKAGE_NAME "sumo"
#define PACKAGE_TARNAME "sumo"
#define PACKAGE_VERSION "1.0.0"
#define PACKAGE_STRING "sumo 1.0.0"
#define PACKAGE_BUGREPORT ""
#define PACKAGE_URL ""
#define PACKAGE "sumo"
#define VERSION "1.0.0"
#define POSITION_EPS 0.1
#define NUMERICAL_EPS 0.001
#define VERSION_STRING "1.0.0"
#define XERCES3_SIZE_t XMLSize_t
#define STDC_HEADERS 1
#define HAVE_SYS_TYPES_H 1
#define HAVE_SYS_STAT_H 1
#define HAVE_STDLIB_H 1
#define HAVE_STRING_H 1
#define HAVE_MEMORY_H 1
#define HAVE_STRINGS_H 1
#define HAVE_INTTYPES_H 1
#define HAVE_STDINT_H 1
#define HAVE_UNISTD_H 1
#define HAVE_PROJ 1
#define HAVE_GDAL 1
#define HAVE_FOX 1
#define HAVE_ENABLED "x86_64-pc-linux-gnu PROJ GDAL GUI"
#define HAVE_ALLOCA_H 1
#define HAVE_ALLOCA 1
#define STDC_HEADERS 1
#define HAVE_FLOAT_H 1
#define HAVE_LIMITS_H 1
#define HAVE_MALLOC_H 1
#define HAVE_MATH_H 1
#define HAVE_STDDEF_H 1
#define HAVE_STDLIB_H 1
#define HAVE_STRING_H 1
#define HAVE_SYS_TIME_H 1
#define HAVE_UNISTD_H 1
#define HAVE_WCHAR_H 1
#define TIME_WITH_SYS_TIME 1
#define HAVE_SYS_SELECT_H 1
#define HAVE_SYS_SOCKET_H 1
#define SELECT_TYPE_ARG1 int
#define SELECT_TYPE_ARG234 (fd_set *)
#define SELECT_TYPE_ARG5 (struct timeval *)
#define RETSIGTYPE void
#define LSTAT_FOLLOWS_SLASHED_SYMLINK 1
#define HAVE_FLOOR 1
#define HAVE_GETCWD 1
#define HAVE_GETTIMEOFDAY 1
#define HAVE_MEMSET 1
#define HAVE_POW 1
#define HAVE_SELECT 1
#define HAVE_SOCKET 1
#define HAVE_SQRT 1

configure: exit 0

## ---------------------- ##
## Running config.status. ##
## ---------------------- ##

This file was extended by sumo config.status 1.0.0, which was
generated by GNU Autoconf 2.69.  Invocation command line was

  CONFIG_FILES    = 
  CONFIG_HEADERS  = 
  CONFIG_LINKS    = 
  CONFIG_COMMANDS = 
  $ ./config.status 

on wlbb90-hp

config.status:1024: creating src/Makefile
config.status:1024: creating src/activitygen/Makefile
config.status:1024: creating src/activitygen/activities/Makefile
config.status:1024: creating src/activitygen/city/Makefile
config.status:1024: creating src/foreign/Makefile
config.status:1024: creating src/foreign/eulerspiral/Makefile
config.status:1024: creating src/foreign/fontstash/Makefile
config.status:1024: creating src/foreign/PHEMlight/Makefile
config.status:1024: creating src/foreign/PHEMlight/cpp/Makefile
config.status:1024: creating src/foreign/rtree/Makefile
config.status:1024: creating src/foreign/tcpip/Makefile
config.status:1024: creating src/gui/Makefile
config.status:1024: creating src/gui/dialogs/Makefile
config.status:1024: creating src/guinetload/Makefile
config.status:1024: creating src/guisim/Makefile
config.status:1024: creating src/microsim/Makefile
config.status:1024: creating src/microsim/actions/Makefile
config.status:1024: creating src/microsim/cfmodels/Makefile
config.status:1024: creating src/microsim/devices/Makefile
config.status:1024: creating src/microsim/lcmodels/Makefile
config.status:1024: creating src/microsim/logging/Makefile
config.status:1024: creating src/microsim/output/Makefile
config.status:1024: creating src/microsim/pedestrians/Makefile
config.status:1024: creating src/microsim/traffic_lights/Makefile
config.status:1024: creating src/microsim/trigger/Makefile
config.status:1024: creating src/marouter/Makefile
config.status:1024: creating src/netbuild/Makefile
config.status:1024: creating src/netedit/additionals/Makefile
config.status:1024: creating src/netedit/changes/Makefile
config.status:1024: creating src/netedit/dialogs/Makefile
config.status:1024: creating src/netedit/frames/Makefile
config.status:1024: creating src/netedit/netelements/Makefile
config.status:1024: creating src/netedit/Makefile
config.status:1024: creating src/mesogui/Makefile
config.status:1024: creating src/mesosim/Makefile
config.status:1024: creating src/osgview/Makefile
config.status:1024: creating src/netgen/Makefile
config.status:1024: creating src/netimport/Makefile
config.status:1024: creating src/netimport/vissim/Makefile
config.status:1024: creating src/netimport/vissim/tempstructs/Makefile
config.status:1024: creating src/netimport/vissim/typeloader/Makefile
config.status:1024: creating src/netload/Makefile
config.status:1024: creating src/netwrite/Makefile
config.status:1024: creating src/od/Makefile
config.status:1024: creating src/polyconvert/Makefile
config.status:1024: creating src/router/Makefile
config.status:1024: creating src/dfrouter/Makefile
config.status:1024: creating src/duarouter/Makefile
config.status:1024: creating src/jtrrouter/Makefile
config.status:1024: creating src/tools/Makefile
config.status:1024: creating src/traci_testclient/Makefile
config.status:1024: creating src/traci-server/Makefile
config.status:1024: creating src/libsumo/Makefile
config.status:1024: creating src/utils/Makefile
config.status:1024: creating src/utils/common/Makefile
config.status:1024: creating src/utils/distribution/Makefile
config.status:1024: creating src/utils/emissions/Makefile
config.status:1024: creating src/utils/foxtools/Makefile
config.status:1024: creating src/utils/geom/Makefile
config.status:1024: creating src/utils/gui/Makefile
config.status:1024: creating src/utils/gui/div/Makefile
config.status:1024: creating src/utils/gui/events/Makefile
config.status:1024: creating src/utils/gui/globjects/Makefile
config.status:1024: creating src/utils/gui/images/Makefile
config.status:1024: creating src/utils/gui/settings/Makefile
config.status:1024: creating src/utils/gui/tracker/Makefile
config.status:1024: creating src/utils/gui/windows/Makefile
config.status:1024: creating src/utils/importio/Makefile
config.status:1024: creating src/utils/iodevices/Makefile
config.status:1024: creating src/utils/options/Makefile
config.status:1024: creating src/utils/shapes/Makefile
config.status:1024: creating src/utils/traci/Makefile
config.status:1024: creating src/utils/vehicle/Makefile
config.status:1024: creating src/utils/xml/Makefile
config.status:1024: creating unittest/Makefile
config.status:1024: creating unittest/src/Makefile
config.status:1024: creating unittest/src/microsim/Makefile
config.status:1024: creating unittest/src/netbuild/Makefile
config.status:1024: creating unittest/src/utils/Makefile
config.status:1024: creating unittest/src/utils/common/Makefile
config.status:1024: creating unittest/src/utils/foxtools/Makefile
config.status:1024: creating unittest/src/utils/geom/Makefile
config.status:1024: creating unittest/src/utils/iodevices/Makefile
config.status:1024: creating bin/Makefile
config.status:1024: creating Makefile
config.status:1024: creating src/config.h
config.status:1205: src/config.h is unchanged
config.status:1253: executing depfiles commands

## ---------------------- ##
## Running config.status. ##
## ---------------------- ##

This file was extended by sumo config.status 1.0.0, which was
generated by GNU Autoconf 2.69.  Invocation command line was

  CONFIG_FILES    = 
  CONFIG_HEADERS  = 
  CONFIG_LINKS    = 
  CONFIG_COMMANDS = 
  $ ./config.status src/config.h

on wlbb90-hp

config.status:1024: creating src/config.h
config.status:1205: src/config.h is unchanged
